06/14/2023 11:47:44 AM: INFO: =========== Started First page title test =========
06/14/2023 11:47:44 AM: INFO: =========== Enter First name and Last name input values =========

06/14/2023 02:32:44 PM: INFO: =========== Started First page title test =========
06/14/2023 02:32:44 PM: INFO: =========== Enter First name and Last name input values =========
06/14/2023 02:32:46 PM: INFO: =========== Error Message Test =========
06/14/2023 02:34:14 PM: INFO: =========== Started First page title test =========
06/14/2023 02:34:14 PM: INFO: =========== Enter First name and Last name input values =========
06/14/2023 02:34:17 PM: INFO: =========== Error Message Test =========
06/14/2023 02:35:49 PM: INFO: =========== Started First page title test =========
06/14/2023 02:35:49 PM: INFO: =========== Enter First name and Last name input values =========
06/14/2023 02:35:57 PM: INFO: =========== Error Message Test =========
06/14/2023 02:38:42 PM: INFO: =========== Started First page title test =========
06/14/2023 02:38:42 PM: INFO: =========== Enter First name and Last name input values =========
06/14/2023 02:42:54 PM: INFO: =========== Started First page title test =========
06/14/2023 02:42:54 PM: INFO: =========== Enter First name and Last name input values =========
06/14/2023 02:43:01 PM: INFO: =========== Error Message Test =========
06/14/2023 02:44:14 PM: INFO: =========== Started First page title test =========
06/14/2023 02:44:14 PM: INFO: =========== Enter First name and Last name input values =========
06/14/2023 02:44:21 PM: INFO: =========== Error Message Test =========
06/14/2023 02:44:26 PM: INFO: =========== Error Message university =========
06/14/2023 02:55:49 PM: INFO: =========== Started First page title test =========
06/14/2023 02:55:49 PM: INFO: =========== Enter First name and Last name input values =========
06/14/2023 02:55:56 PM: INFO: =========== Error Message Test =========
06/14/2023 02:56:01 PM: INFO: =========== Error Message university =========
06/14/2023 02:57:32 PM: INFO: =========== Started First page title test =========
06/14/2023 02:57:32 PM: INFO: =========== Enter First name and Last name input values =========
06/14/2023 02:57:39 PM: INFO: =========== Error Message Test =========
06/14/2023 02:57:44 PM: INFO: =========== Error Message university =========
06/14/2023 03:03:30 PM: INFO: =========== Started First page title test =========
06/14/2023 03:03:30 PM: INFO: =========== Enter First name and Last name input values =========
06/14/2023 03:03:38 PM: INFO: =========== Error Message Test =========
06/14/2023 03:03:43 PM: INFO: =========== Error Message university =========
06/14/2023 03:10:19 PM: INFO: =========== Started First page title test =========
06/14/2023 03:10:19 PM: INFO: =========== Enter First name and Last name input values =========
06/14/2023 03:10:27 PM: INFO: =========== Error Message Test =========
06/14/2023 03:10:32 PM: INFO: =========== Error Message university =========
06/14/2023 03:12:16 PM: INFO: =========== Started First page title test =========
06/14/2023 03:12:16 PM: INFO: =========== Enter First name and Last name input values =========
06/14/2023 03:12:23 PM: INFO: =========== Error Message Test =========
06/14/2023 03:12:28 PM: INFO: =========== Error Message university =========
06/14/2023 03:13:45 PM: INFO: =========== Started First page title test =========
06/14/2023 03:13:45 PM: INFO: =========== Enter First name and Last name input values =========
06/14/2023 03:13:52 PM: INFO: =========== Error Message Test =========
06/14/2023 03:13:57 PM: INFO: =========== Error Message university =========
06/14/2023 03:21:24 PM: INFO: =========== Started First page title test =========
06/14/2023 03:21:24 PM: INFO: =========== Enter First name and Last name input values =========
06/14/2023 03:21:32 PM: INFO: =========== Error Message Test =========
06/14/2023 03:21:37 PM: INFO: =========== Error Message university =========
06/14/2023 03:25:15 PM: INFO: =========== Started First page title test =========
06/14/2023 03:25:15 PM: INFO: =========== Enter First name and Last name input values =========
06/14/2023 03:25:23 PM: INFO: =========== Error Message Test =========
06/14/2023 03:25:28 PM: INFO: =========== Error Message university =========
06/14/2023 03:46:13 PM: INFO: =========== Started First page title test =========
06/14/2023 03:46:13 PM: INFO: =========== Enter First name and Last name input values =========
06/14/2023 03:46:20 PM: INFO: =========== Error Message Test =========
06/14/2023 03:46:25 PM: INFO: =========== Error Message university =========
06/14/2023 03:48:29 PM: INFO: =========== Started First page title test =========
06/14/2023 03:48:29 PM: INFO: =========== Enter First name and Last name input values =========
06/14/2023 03:48:36 PM: INFO: =========== Error Message Test =========
06/14/2023 03:48:41 PM: INFO: =========== Error Message university =========
06/14/2023 03:53:20 PM: INFO: =========== Started First page title test =========
06/14/2023 03:53:20 PM: INFO: =========== Enter First name and Last name input values =========
06/14/2023 03:53:27 PM: INFO: =========== Error Message Test =========
06/14/2023 03:53:32 PM: INFO: =========== Error Message university =========
06/14/2023 03:55:08 PM: INFO: =========== Started First page title test =========
06/14/2023 03:55:08 PM: INFO: =========== Enter First name and Last name input values =========
06/14/2023 03:55:15 PM: INFO: =========== Error Message Test =========
06/14/2023 03:55:20 PM: INFO: =========== Error Message university =========
06/14/2023 03:57:27 PM: INFO: =========== Started First page title test =========
06/14/2023 03:57:27 PM: INFO: =========== Enter First name and Last name input values =========
06/14/2023 03:57:34 PM: INFO: =========== Error Message Test =========
06/14/2023 03:57:39 PM: INFO: =========== Error Message university =========
06/14/2023 03:57:44 PM: INFO: =========== Error 1111111 =========
06/14/2023 03:57:44 PM: INFO: =========== Error 1111111 =========
06/14/2023 03:57:44 PM: INFO: =========== Error 1111111 =========
06/14/2023 03:57:44 PM: INFO: =========== Error 1111111 =========
06/14/2023 03:57:44 PM: INFO: =========== Error 1111111 =========
06/14/2023 04:01:41 PM: INFO: =========== Started First page title test =========
06/14/2023 04:01:41 PM: INFO: =========== Enter First name and Last name input values =========
06/14/2023 04:01:48 PM: INFO: =========== Error Message Test =========
06/14/2023 04:01:53 PM: INFO: =========== Error Message university =========
06/14/2023 04:01:59 PM: INFO: =========== Error 1111111 =========
06/14/2023 04:05:13 PM: INFO: =========== Started First page title test =========
06/14/2023 04:05:13 PM: INFO: =========== Enter First name and Last name input values =========
06/14/2023 04:05:20 PM: INFO: =========== Error Message Test =========
06/14/2023 04:05:25 PM: INFO: =========== Error Message university =========
06/14/2023 04:05:30 PM: INFO: =========== Error 1111111 =========
06/14/2023 04:11:00 PM: INFO: =========== Started First page title test =========
06/14/2023 04:11:00 PM: INFO: =========== Enter First name and Last name input values =========
06/14/2023 04:11:07 PM: INFO: =========== Error Message Test =========
06/14/2023 04:11:12 PM: INFO: =========== Error Message university =========
06/14/2023 04:11:17 PM: INFO: =========== Error 1111111 =========
06/14/2023 04:55:16 PM: INFO: =========== Started First page title test =========
06/14/2023 04:55:16 PM: INFO: =========== Enter First name and Last name input values =========
06/14/2023 05:12:44 PM: INFO: =========== Started First page title test =========
06/14/2023 05:12:44 PM: INFO: =========== Enter First name and Last name input values =========
06/14/2023 05:19:56 PM: INFO: =========== Started First page title test =========
06/14/2023 05:19:56 PM: INFO: =========== Enter First name and Last name input values =========
06/14/2023 05:20:08 PM: INFO: =========== Error 1111111 =========
06/14/2023 05:23:23 PM: INFO: =========== Started First page title test =========
06/14/2023 05:23:23 PM: INFO: =========== Enter First name and Last name input values =========
06/14/2023 05:24:44 PM: INFO: =========== Started First page title test =========
06/14/2023 05:24:44 PM: INFO: =========== Enter First name and Last name input values =========
06/14/2023 05:31:42 PM: INFO: =========== Started First page title test =========
06/14/2023 05:31:42 PM: INFO: =========== Enter First name and Last name input values =========
06/14/2023 06:39:44 PM: INFO: =========== Started First page title test =========
06/14/2023 06:39:44 PM: INFO: =========== Enter First name and Last name input values =========
06/14/2023 06:40:01 PM: INFO: =========== Error 1111111 =========
06/15/2023 10:14:57 AM: INFO: =========== Started First page title test =========
06/15/2023 10:14:57 AM: INFO: =========== Enter First name and Last name input values =========
06/15/2023 10:32:15 AM: INFO: =========== Started First page title test =========
06/15/2023 10:32:15 AM: INFO: =========== Enter First name and Last name input values =========
06/15/2023 10:33:08 AM: INFO: =========== Started First page title test =========
06/15/2023 10:33:08 AM: INFO: =========== Enter First name and Last name input values =========
06/15/2023 10:34:23 AM: INFO: =========== Started First page title test =========
06/15/2023 10:34:23 AM: INFO: =========== Enter First name and Last name input values =========
06/15/2023 10:34:46 AM: INFO: =========== Error 1111111 =========
